<?xml version="1.0" encoding="UTF-8"?>
<testng-results skipped="0" failed="1" ignored="0" total="2" passed="1">
  <reporter-output>
  </reporter-output>
  <suite name="Default suite" duration-ms="9107" started-at="2020-12-29T21:09:33 CET" finished-at="2020-12-29T21:09:42 CET">
    <groups>
    </groups>
    <test name="Default test" duration-ms="9107" started-at="2020-12-29T21:09:33 CET" finished-at="2020-12-29T21:09:42 CET">
      <class name="ingatlan.ListDownload">
        <test-method status="PASS" signature="setup()[pri:0, instance:ingatlan.ListDownload@4e7dc304]" name="setup" is-config="true" duration-ms="7165" started-at="2020-12-29T21:09:33 CET" finished-at="2020-12-29T21:09:41 CET">
          <reporter-output>
          </reporter-output>
        </test-method> <!-- setup -->
        <test-method status="FAIL" signature="downloadAll()[pri:1, instance:ingatlan.ListDownload@4e7dc304]" name="downloadAll" duration-ms="6" started-at="2020-12-29T21:09:41 CET" finished-at="2020-12-29T21:09:41 CET">
          <exception class="java.lang.Error">
            <message>
              <![CDATA[Unresolved compilation problems: 
Syntax error, insert "VariableDeclarators" to complete LocalVariableDeclaration
Syntax error, insert ";" to complete LocalVariableDeclarationStatement
clickPdfButtons cannot be resolved or is not a field
]]>
            </message>
            <full-stacktrace>
              <![CDATA[java.lang.Error: Unresolved compilation problems: 
Syntax error, insert "VariableDeclarators" to complete LocalVariableDeclaration
Syntax error, insert ";" to complete LocalVariableDeclarationStatement
clickPdfButtons cannot be resolved or is not a field

at ingatlan.ListDownload.downloadAll(ListDownload.java:65)
at sun.reflect.NativeMethodAccessorImpl.invoke0(Native Method)
at sun.reflect.NativeMethodAccessorImpl.invoke(NativeMethodAccessorImpl.java:62)
at sun.reflect.DelegatingMethodAccessorImpl.invoke(DelegatingMethodAccessorImpl.java:43)
at java.lang.reflect.Method.invoke(Method.java:498)
at org.testng.internal.MethodInvocationHelper.invokeMethod(MethodInvocationHelper.java:132)
at org.testng.internal.TestInvoker.invokeMethod(TestInvoker.java:599)
at org.testng.internal.TestInvoker.invokeTestMethod(TestInvoker.java:174)
at org.testng.internal.MethodRunner.runInSequence(MethodRunner.java:46)
at org.testng.internal.TestInvoker$MethodInvocationAgent.invoke(TestInvoker.java:822)
at org.testng.internal.TestInvoker.invokeTestMethods(TestInvoker.java:147)
at org.testng.internal.TestMethodWorker.invokeTestMethods(TestMethodWorker.java:146)
at org.testng.internal.TestMethodWorker.run(TestMethodWorker.java:128)
at java.util.ArrayList.forEach(ArrayList.java:1249)
at org.testng.TestRunner.privateRun(TestRunner.java:764)
at org.testng.TestRunner.run(TestRunner.java:585)
at org.testng.SuiteRunner.runTest(SuiteRunner.java:384)
at org.testng.SuiteRunner.runSequentially(SuiteRunner.java:378)
at org.testng.SuiteRunner.privateRun(SuiteRunner.java:337)
at org.testng.SuiteRunner.run(SuiteRunner.java:286)
at org.testng.SuiteRunnerWorker.runSuite(SuiteRunnerWorker.java:53)
at org.testng.SuiteRunnerWorker.run(SuiteRunnerWorker.java:96)
at org.testng.TestNG.runSuitesSequentially(TestNG.java:1218)
at org.testng.TestNG.runSuitesLocally(TestNG.java:1140)
at org.testng.TestNG.runSuites(TestNG.java:1069)
at org.testng.TestNG.run(TestNG.java:1037)
at org.testng.remote.AbstractRemoteTestNG.run(AbstractRemoteTestNG.java:115)
at org.testng.remote.RemoteTestNG.initAndRun(RemoteTestNG.java:251)
at org.testng.remote.RemoteTestNG.main(RemoteTestNG.java:77)
]]>
            </full-stacktrace>
          </exception> <!-- java.lang.Error -->
          <reporter-output>
          </reporter-output>
        </test-method> <!-- downloadAll -->
        <test-method status="PASS" signature="filter()[pri:1, instance:ingatlan.ListDownload@4e7dc304]" name="filter" duration-ms="1902" started-at="2020-12-29T21:09:41 CET" finished-at="2020-12-29T21:09:42 CET">
          <reporter-output>
          </reporter-output>
        </test-method> <!-- filter -->
        <test-method status="PASS" signature="logout()[pri:0, instance:ingatlan.ListDownload@4e7dc304]" name="logout" is-config="true" duration-ms="0" started-at="2020-12-29T21:09:42 CET" finished-at="2020-12-29T21:09:42 CET">
          <reporter-output>
          </reporter-output>
        </test-method> <!-- logout -->
      </class> <!-- ingatlan.ListDownload -->
    </test> <!-- Default test -->
  </suite> <!-- Default suite -->
</testng-results>
